2024-12-14 05:45:32,097 - __main__ - INFO - Initializing Discord bot with enhanced monitoring
2024-12-14 05:45:32,099 - __main__ - INFO - Chat and Trivia handlers initialized successfully
2024-12-14 05:45:32,099 - __main__ - INFO - Bot initialization completed successfully
2024-12-14 05:45:32,099 - discord.client - INFO - logging in using static token
2024-12-14 05:45:32,440 - __main__ - INFO - Health monitoring tasks started
2024-12-14 05:45:32,441 - __main__ - WARNING - Connection check failed - Bot disconnected
2024-12-14 05:45:32,441 - __main__ - WARNING - Health check failure (disconnected). Failure count: 1
2024-12-14 05:45:32,442 - __main__ - INFO - Single health check failure - Monitoring closely
2024-12-14 05:45:32,442 - __main__ - INFO - ━━━━━━ Connection Status ━━━━━━
Connected: False
Guilds: 0
Latency: nanms
Uptime: 0.0h
Health Failures: 1
━━━━━━━━━━━━━━━━━━━━━━━━
2024-12-14 05:45:32,616 - discord.gateway - INFO - Shard ID None has connected to Gateway (Session ID: 6be943abba46e7dcfec233710da904b2).
2024-12-14 05:45:34,624 - __main__ - INFO - ━━━━━━ Bot Ready ━━━━━━
Logged in as: OCTANTBOT
Bot ID: 1316950341954306159
Guilds connected: 2
━━━━━━━━━━━━━━━━━━━━━━━━
2024-12-14 05:45:56,748 - __main__ - INFO - Initializing Discord bot with enhanced monitoring
2024-12-14 05:45:56,750 - __main__ - INFO - Chat and Trivia handlers initialized successfully
2024-12-14 05:45:56,750 - __main__ - INFO - Bot initialization completed successfully
2024-12-14 05:45:56,750 - discord.client - INFO - logging in using static token
2024-12-14 05:45:57,002 - __main__ - INFO - Health monitoring tasks started
2024-12-14 05:45:57,003 - __main__ - WARNING - Connection check failed - Bot disconnected
2024-12-14 05:45:57,003 - __main__ - WARNING - Health check failure (disconnected). Failure count: 1
2024-12-14 05:45:57,004 - __main__ - INFO - Single health check failure - Monitoring closely
2024-12-14 05:45:57,004 - __main__ - INFO - ━━━━━━ Connection Status ━━━━━━
Connected: False
Guilds: 0
Latency: nanms
Uptime: 0.0h
Health Failures: 1
━━━━━━━━━━━━━━━━━━━━━━━━
2024-12-14 05:45:57,300 - discord.gateway - INFO - Shard ID None has connected to Gateway (Session ID: 8f27c43bbe8dce2a77d6dbceee13d8df).
2024-12-14 05:45:59,306 - __main__ - INFO - ━━━━━━ Bot Ready ━━━━━━
Logged in as: OCTANTBOT
Bot ID: 1316950341954306159
Guilds connected: 2
━━━━━━━━━━━━━━━━━━━━━━━━
2024-12-14 05:46:57,021 - __main__ - INFO - ━━━━━━ Connection Status ━━━━━━
Connected: True
Guilds: 2
Latency: 24.21ms
Uptime: 0.0h
Health Failures: 0
━━━━━━━━━━━━━━━━━━━━━━━━
2024-12-14 05:47:27,011 - __main__ - WARNING - Heartbeat timeout detected. Age: 87.704132s
2024-12-14 05:47:27,011 - __main__ - WARNING - Health check failure (heartbeat_timeout). Failure count: 1
2024-12-14 05:47:27,011 - __main__ - INFO - Single health check failure - Monitoring closely
2024-12-14 05:47:57,033 - __main__ - WARNING - Heartbeat timeout detected. Age: 117.726455s
2024-12-14 05:47:57,033 - __main__ - WARNING - Health check failure (heartbeat_timeout). Failure count: 1
2024-12-14 05:47:57,033 - __main__ - INFO - Single health check failure - Monitoring closely
2024-12-14 05:47:57,033 - __main__ - INFO - ━━━━━━ Connection Status ━━━━━━
Connected: True
Guilds: 2
Latency: 24.09ms
Uptime: 0.0h
Health Failures: 0
━━━━━━━━━━━━━━━━━━━━━━━━
2024-12-14 05:48:27,029 - __main__ - WARNING - Heartbeat timeout detected. Age: 147.722933s
2024-12-14 05:48:27,030 - __main__ - WARNING - Health check failure (heartbeat_timeout). Failure count: 1
2024-12-14 05:48:27,030 - __main__ - INFO - Single health check failure - Monitoring closely
2024-12-14 05:48:57,018 - __main__ - WARNING - Heartbeat timeout detected. Age: 177.711497s
2024-12-14 05:48:57,018 - __main__ - WARNING - Health check failure (heartbeat_timeout). Failure count: 1
2024-12-14 05:48:57,018 - __main__ - INFO - Single health check failure - Monitoring closely
2024-12-14 05:48:57,018 - __main__ - INFO - ━━━━━━ Connection Status ━━━━━━
Connected: True
Guilds: 2
Latency: 29.38ms
Uptime: 0.1h
Health Failures: 0
━━━━━━━━━━━━━━━━━━━━━━━━
2024-12-14 05:49:27,007 - __main__ - WARNING - Heartbeat timeout detected. Age: 207.700775s
2024-12-14 05:49:27,007 - __main__ - WARNING - Health check failure (heartbeat_timeout). Failure count: 1
2024-12-14 05:49:27,007 - __main__ - INFO - Single health check failure - Monitoring closely
2024-12-14 05:49:57,034 - __main__ - WARNING - Heartbeat timeout detected. Age: 237.727834s
2024-12-14 05:49:57,034 - __main__ - WARNING - Health check failure (heartbeat_timeout). Failure count: 1
2024-12-14 05:49:57,035 - __main__ - INFO - Single health check failure - Monitoring closely
2024-12-14 05:49:57,035 - __main__ - INFO - ━━━━━━ Connection Status ━━━━━━
Connected: True
Guilds: 2
Latency: 33.02ms
Uptime: 0.1h
Health Failures: 0
━━━━━━━━━━━━━━━━━━━━━━━━
2024-12-14 05:50:27,025 - __main__ - WARNING - Heartbeat timeout detected. Age: 267.718423s
2024-12-14 05:50:27,025 - __main__ - WARNING - Health check failure (heartbeat_timeout). Failure count: 1
2024-12-14 05:50:27,025 - __main__ - INFO - Single health check failure - Monitoring closely
2024-12-14 05:50:57,014 - __main__ - WARNING - Heartbeat timeout detected. Age: 297.707441s
2024-12-14 05:50:57,014 - __main__ - WARNING - Health check failure (heartbeat_timeout). Failure count: 1
2024-12-14 05:50:57,014 - __main__ - INFO - Single health check failure - Monitoring closely
2024-12-14 05:50:57,014 - __main__ - INFO - ━━━━━━ Connection Status ━━━━━━
Connected: True
Guilds: 2
Latency: 29.40ms
Uptime: 0.1h
Health Failures: 0
━━━━━━━━━━━━━━━━━━━━━━━━
2024-12-14 05:51:21,979 - __main__ - INFO - Initializing Discord bot with enhanced monitoring
2024-12-14 05:51:21,981 - __main__ - INFO - Chat and Trivia handlers initialized successfully
2024-12-14 05:51:21,981 - __main__ - INFO - Bot initialization completed successfully
2024-12-14 05:51:21,981 - discord.client - INFO - logging in using static token
2024-12-14 05:51:22,347 - __main__ - INFO - Health monitoring tasks started
2024-12-14 05:51:22,360 - __main__ - WARNING - Connection check failed - Bot disconnected
2024-12-14 05:51:22,361 - __main__ - WARNING - Health check failure (disconnected). Failure count: 1
2024-12-14 05:51:22,361 - __main__ - INFO - Single health check failure - Monitoring closely
2024-12-14 05:51:22,361 - __main__ - INFO - ━━━━━━ Connection Status ━━━━━━
Connected: False
Guilds: 0
Latency: nanms
Uptime: 0.0h
Health Failures: 1
━━━━━━━━━━━━━━━━━━━━━━━━
2024-12-14 05:51:22,553 - discord.gateway - INFO - Shard ID None has connected to Gateway (Session ID: 357df9e8eac96dcb2373452e84f11d1d).
2024-12-14 05:51:23,937 - __main__ - INFO - Initializing Discord bot with enhanced monitoring
2024-12-14 05:51:23,938 - __main__ - INFO - Chat and Trivia handlers initialized successfully
2024-12-14 05:51:23,938 - __main__ - INFO - Bot initialization completed successfully
2024-12-14 05:51:23,938 - discord.client - INFO - logging in using static token
2024-12-14 05:51:24,193 - __main__ - INFO - Health monitoring tasks started
2024-12-14 05:51:24,204 - __main__ - WARNING - Connection check failed - Bot disconnected
2024-12-14 05:51:24,204 - __main__ - WARNING - Health check failure (disconnected). Failure count: 1
2024-12-14 05:51:24,204 - __main__ - INFO - Single health check failure - Monitoring closely
2024-12-14 05:51:24,204 - __main__ - INFO - ━━━━━━ Connection Status ━━━━━━
Connected: False
Guilds: 0
Latency: nanms
Uptime: 0.0h
Health Failures: 1
━━━━━━━━━━━━━━━━━━━━━━━━
2024-12-14 05:51:24,541 - discord.gateway - INFO - Shard ID None has connected to Gateway (Session ID: 49bd9f39fd420d227b9642c647de6b8a).
2024-12-14 05:51:26,547 - __main__ - INFO - ━━━━━━ Bot Ready ━━━━━━
Logged in as: OCTANTBOT
Bot ID: 1316950341954306159
Guilds connected: 2
━━━━━━━━━━━━━━━━━━━━━━━━
2024-12-14 05:51:33,592 - __main__ - INFO - Initializing Discord bot with enhanced monitoring
2024-12-14 05:51:33,593 - __main__ - INFO - Chat and Trivia handlers initialized successfully
2024-12-14 05:51:33,594 - __main__ - INFO - Bot initialization completed successfully
2024-12-14 05:51:33,594 - discord.client - INFO - logging in using static token
2024-12-14 05:51:33,819 - __main__ - INFO - Health monitoring tasks started
2024-12-14 05:51:33,829 - __main__ - WARNING - Connection check failed - Bot disconnected
2024-12-14 05:51:33,829 - __main__ - WARNING - Health check failure (disconnected). Failure count: 1
2024-12-14 05:51:33,830 - __main__ - INFO - Single health check failure - Monitoring closely
2024-12-14 05:51:33,830 - __main__ - INFO - ━━━━━━ Connection Status ━━━━━━
Connected: False
Guilds: 0
Latency: nanms
Uptime: 0.0h
Health Failures: 1
━━━━━━━━━━━━━━━━━━━━━━━━
2024-12-14 05:51:34,245 - discord.gateway - INFO - Shard ID None has connected to Gateway (Session ID: c84884a100d5d8036652de80d71b1b70).
2024-12-14 05:51:36,250 - __main__ - INFO - ━━━━━━ Bot Ready ━━━━━━
Logged in as: OCTANTBOT
Bot ID: 1316950341954306159
Guilds connected: 2
━━━━━━━━━━━━━━━━━━━━━━━━
2024-12-14 05:51:48,832 - __main__ - INFO - Health check passed - All systems normal
2024-12-14 05:52:03,835 - __main__ - INFO - Health check passed - All systems normal
2024-12-14 05:52:06,024 - __main__ - INFO - Initializing Discord bot with enhanced monitoring
2024-12-14 05:52:06,025 - __main__ - INFO - Chat and Trivia handlers initialized successfully
2024-12-14 05:52:06,026 - __main__ - INFO - Bot initialization completed successfully
2024-12-14 05:52:06,026 - discord.client - INFO - logging in using static token
2024-12-14 05:52:06,361 - __main__ - INFO - Health monitoring tasks started
2024-12-14 05:52:06,371 - __main__ - WARNING - Connection check failed - Bot disconnected
2024-12-14 05:52:06,371 - __main__ - WARNING - Health check failure (disconnected). Failure count: 1
2024-12-14 05:52:06,371 - __main__ - CRITICAL - Critical health check failure - Initiating full restart
2024-12-14 05:52:06,372 - __main__ - CRITICAL - 
━━━━━━ Emergency Restart Initiated ━━━━━━
Reason: Health check failures exceeded
Time: 2024-12-14 05:52:06.372064+00:00
Uptime: 0.0h
Last Error: None
Memory Usage: 0.1%
CPU Usage: 0.0%
Health Failures: 1
Connected Guilds: 0
Last Message Time: None
━━━━━━━━━━━━━━━━━━━━━━━━
2024-12-14 05:52:06,517 - discord.gateway - INFO - Shard ID None has connected to Gateway (Session ID: 9b52f7967f8c8ed074729287bd97951d).
2024-12-14 05:52:08,786 - __main__ - INFO - Initializing Discord bot with enhanced monitoring
2024-12-14 05:52:08,787 - __main__ - INFO - Chat and Trivia handlers initialized successfully
2024-12-14 05:52:08,787 - __main__ - INFO - Bot initialization completed successfully
2024-12-14 05:52:08,787 - discord.client - INFO - logging in using static token
2024-12-14 05:52:09,070 - __main__ - INFO - Health monitoring tasks started
2024-12-14 05:52:09,079 - __main__ - WARNING - Connection check failed - Bot disconnected
2024-12-14 05:52:09,080 - __main__ - WARNING - Health check failure (disconnected). Failure count: 1
2024-12-14 05:52:09,080 - __main__ - CRITICAL - Critical health check failure - Initiating full restart
2024-12-14 05:52:09,080 - __main__ - CRITICAL - 
━━━━━━ Emergency Restart Initiated ━━━━━━
Reason: Health check failures exceeded
Time: 2024-12-14 05:52:09.080326+00:00
Uptime: 0.0h
Last Error: None
Memory Usage: 0.1%
CPU Usage: 0.0%
Health Failures: 1
Connected Guilds: 0
Last Message Time: None
━━━━━━━━━━━━━━━━━━━━━━━━
2024-12-14 05:52:09,349 - discord.gateway - INFO - Shard ID None has connected to Gateway (Session ID: 7cccdd1d283ed5eb586528e2423702a0).
2024-12-14 05:52:11,358 - __main__ - INFO - ━━━━━━ Bot Ready ━━━━━━
Logged in as: OCTANTBOT
Bot ID: 1316950341954306159
Guilds connected: 2
━━━━━━━━━━━━━━━━━━━━━━━━
2024-12-14 05:52:56,449 - __main__ - INFO - Initializing Discord bot with enhanced monitoring
2024-12-14 05:52:56,451 - __main__ - INFO - Chat and Trivia handlers initialized successfully
2024-12-14 05:52:56,451 - __main__ - INFO - Bot initialization completed successfully
2024-12-14 05:52:56,451 - discord.client - INFO - logging in using static token
2024-12-14 05:52:56,695 - __main__ - INFO - Health monitoring tasks started
2024-12-14 05:52:56,706 - __main__ - WARNING - Connection check failed - Bot disconnected
2024-12-14 05:52:56,706 - __main__ - WARNING - Health check failure (disconnected). Failure count: 1
2024-12-14 05:52:56,706 - __main__ - INFO - 
━━━━━━ Minor Health Check Issue ━━━━━━
Failure Count: 1
Status: Monitoring
Action: Continuing normal operation
━━━━━━━━━━━━━━━━━━━━━━━━
2024-12-14 05:52:56,707 - __main__ - INFO - ━━━━━━ Connection Status ━━━━━━
Connected: False
Guilds: 0
Latency: nanms
Uptime: 0.0h
Health Failures: 1
━━━━━━━━━━━━━━━━━━━━━━━━
2024-12-14 05:52:56,878 - discord.gateway - INFO - Shard ID None has connected to Gateway (Session ID: 7c803c84c9dcb85060b6d3549315de09).
2024-12-14 05:52:58,482 - __main__ - INFO - Initializing Discord bot with enhanced monitoring
2024-12-14 05:52:58,483 - __main__ - INFO - Chat and Trivia handlers initialized successfully
2024-12-14 05:52:58,483 - __main__ - INFO - Bot initialization completed successfully
2024-12-14 05:52:58,484 - discord.client - INFO - logging in using static token
2024-12-14 05:52:58,739 - __main__ - INFO - Health monitoring tasks started
2024-12-14 05:52:58,749 - __main__ - WARNING - Connection check failed - Bot disconnected
2024-12-14 05:52:58,749 - __main__ - WARNING - Health check failure (disconnected). Failure count: 1
2024-12-14 05:52:58,749 - __main__ - INFO - 
━━━━━━ Minor Health Check Issue ━━━━━━
Failure Count: 1
Status: Monitoring
Action: Continuing normal operation
━━━━━━━━━━━━━━━━━━━━━━━━
2024-12-14 05:52:58,749 - __main__ - INFO - ━━━━━━ Connection Status ━━━━━━
Connected: False
Guilds: 0
Latency: nanms
Uptime: 0.0h
Health Failures: 1
━━━━━━━━━━━━━━━━━━━━━━━━
2024-12-14 05:52:58,962 - discord.gateway - INFO - Shard ID None has connected to Gateway (Session ID: 6ce6a8358386331240737bc489a56de2).
2024-12-14 05:53:00,967 - __main__ - INFO - ━━━━━━ Bot Ready ━━━━━━
Logged in as: OCTANTBOT
Bot ID: 1316950341954306159
Guilds connected: 2
━━━━━━━━━━━━━━━━━━━━━━━━
2024-12-14 05:53:03,743 - __main__ - INFO - Health check passed - All systems normal
2024-12-14 05:53:08,744 - __main__ - INFO - Health check passed - All systems normal
2024-12-14 05:53:13,744 - __main__ - INFO - Health check passed - All systems normal
2024-12-14 05:53:18,744 - __main__ - INFO - Health check passed - All systems normal
2024-12-14 05:53:23,745 - __main__ - INFO - Health check passed - All systems normal
2024-12-14 05:53:28,744 - __main__ - INFO - Health check passed - All systems normal
2024-12-14 05:53:33,745 - __main__ - WARNING - Heartbeat timeout detected. Age: 32.777214s
2024-12-14 05:53:33,745 - __main__ - WARNING - Health check failure (heartbeat_timeout). Failure count: 1
2024-12-14 05:53:33,745 - __main__ - INFO - 
━━━━━━ Minor Health Check Issue ━━━━━━
Failure Count: 1
Status: Monitoring
Action: Continuing normal operation
━━━━━━━━━━━━━━━━━━━━━━━━
2024-12-14 05:53:37,011 - __main__ - INFO - Initializing Discord bot with enhanced monitoring
2024-12-14 05:53:37,012 - __main__ - INFO - Chat and Trivia handlers initialized successfully
2024-12-14 05:53:37,013 - __main__ - INFO - Bot initialization completed successfully
2024-12-14 05:53:37,013 - discord.client - INFO - logging in using static token
2024-12-14 05:53:37,287 - __main__ - INFO - Health monitoring tasks started
2024-12-14 05:53:37,298 - __main__ - WARNING - Connection check failed - Bot disconnected
2024-12-14 05:53:37,299 - __main__ - WARNING - Health check failure (disconnected). Failure count: 1
2024-12-14 05:53:37,299 - __main__ - INFO - 
━━━━━━ Minor Health Check Issue ━━━━━━
Failure Count: 1
Status: Monitoring
Action: Continuing normal operation
━━━━━━━━━━━━━━━━━━━━━━━━
2024-12-14 05:53:37,300 - __main__ - INFO - ━━━━━━ Connection Status ━━━━━━
Connected: False
Guilds: 0
Latency: nanms
Uptime: 0.0h
Health Failures: 1
━━━━━━━━━━━━━━━━━━━━━━━━
2024-12-14 05:53:37,501 - discord.gateway - INFO - Shard ID None has connected to Gateway (Session ID: 774d57dc08b8bd3500c565534a7e8465).
2024-12-14 05:53:39,575 - __main__ - INFO - ━━━━━━ Bot Ready ━━━━━━
Logged in as: OCTANTBOT
Bot ID: 1316950341954306159
Guilds connected: 2
━━━━━━━━━━━━━━━━━━━━━━━━
2024-12-14 05:53:42,291 - __main__ - INFO - Health check passed - All systems normal
2024-12-14 05:53:47,294 - __main__ - INFO - Health check passed - All systems normal
2024-12-14 05:53:52,293 - __main__ - INFO - Health check passed - All systems normal
2024-12-14 05:53:57,292 - __main__ - INFO - Health check passed - All systems normal
2024-12-14 05:54:02,293 - __main__ - INFO - Health check passed - All systems normal
2024-12-14 05:54:07,294 - __main__ - INFO - Health check passed - All systems normal
2024-12-14 05:54:12,293 - __main__ - WARNING - Heartbeat timeout detected. Age: 32.717425s
2024-12-14 05:54:12,293 - __main__ - WARNING - Health check failure (heartbeat_timeout). Failure count: 1
2024-12-14 05:54:12,293 - __main__ - INFO - 
━━━━━━ Minor Health Check Issue ━━━━━━
Failure Count: 1
Status: Monitoring
Action: Continuing normal operation
━━━━━━━━━━━━━━━━━━━━━━━━
2024-12-14 05:54:17,293 - __main__ - WARNING - Heartbeat timeout detected. Age: 37.717264s
2024-12-14 05:54:17,293 - __main__ - WARNING - Health check failure (heartbeat_timeout). Failure count: 2
2024-12-14 05:54:17,293 - __main__ - WARNING - 
━━━━━━ Multiple Health Check Failures ━━━━━━
Failure Count: 2
Attempting reconnection...
━━━━━━━━━━━━━━━━━━━━━━━━
2024-12-14 05:54:17,293 - __main__ - ERROR - Error handling health failure: 'OctantDiscordBot' object has no attribute 'reconnect'
Traceback (most recent call last):
  File "/home/runner/workspace/discord_bot.py", line 265, in _handle_health_failure
    await self.reconnect()
          ^^^^^^^^^^^^^^
AttributeError: 'OctantDiscordBot' object has no attribute 'reconnect'
2024-12-14 05:54:22,291 - __main__ - WARNING - Heartbeat timeout detected. Age: 42.715795s
2024-12-14 05:54:22,292 - __main__ - WARNING - Health check failure (heartbeat_timeout). Failure count: 3
2024-12-14 05:54:22,292 - __main__ - CRITICAL - 
━━━━━━ Critical Health Check Failure ━━━━━━
Failure Count: 3
Last Error: None
Connection State: True
Latency: 39.18ms
Memory Usage: 0.1%
CPU Usage: 0.0%
━━━━━━━━━━━━━━━━━━━━━━━━
2024-12-14 05:54:22,292 - __main__ - WARNING - Attempting reconnection before emergency restart...
2024-12-14 05:54:22,292 - __main__ - ERROR - Reconnection failed: 'OctantDiscordBot' object has no attribute 'reconnect'
2024-12-14 05:54:22,292 - __main__ - CRITICAL - Reconnection failed - Initiating emergency restart
2024-12-14 05:54:22,292 - __main__ - CRITICAL - 
━━━━━━ Emergency Restart Initiated ━━━━━━
Reason: Health check failures exceeded
Time: 2024-12-14 05:54:22.292529+00:00
Uptime: 0.0h
Last Error: None
Memory Usage: 0.1%
CPU Usage: 0.0%
Health Failures: 3
Connected Guilds: 0
Last Message Time: None
━━━━━━━━━━━━━━━━━━━━━━━━
2024-12-14 05:55:59,670 - __main__ - INFO - Initializing Discord bot with enhanced monitoring
2024-12-14 05:55:59,671 - __main__ - INFO - Chat and Trivia handlers initialized successfully
2024-12-14 05:55:59,672 - __main__ - INFO - Bot initialization completed successfully
2024-12-14 05:55:59,672 - discord.client - INFO - logging in using static token
2024-12-14 05:56:00,023 - __main__ - INFO - Health monitoring tasks started
2024-12-14 05:56:00,033 - __main__ - WARNING - Connection check failed - Bot disconnected
2024-12-14 05:56:00,034 - __main__ - WARNING - Health check failure (disconnected). Failure count: 1
2024-12-14 05:56:00,034 - __main__ - INFO - 
━━━━━━ Minor Health Check Issue ━━━━━━
Failure Count: 1
Status: Monitoring
Action: Continuing normal operation
━━━━━━━━━━━━━━━━━━━━━━━━
2024-12-14 05:56:00,034 - __main__ - INFO - ━━━━━━ Connection Status ━━━━━━
Connected: False
Guilds: 0
Latency: nanms
Uptime: 0.0h
Health Failures: 1
━━━━━━━━━━━━━━━━━━━━━━━━
2024-12-14 05:56:00,179 - discord.gateway - INFO - Shard ID None has connected to Gateway (Session ID: cf9bc173b6e1b156bf65ffdb77d75d7e).
2024-12-14 05:56:02,188 - __main__ - INFO - ━━━━━━ Bot Ready ━━━━━━
Logged in as: OCTANTBOT
Bot ID: 1316950341954306159
Guilds connected: 2
━━━━━━━━━━━━━━━━━━━━━━━━
2024-12-14 05:56:05,027 - __main__ - INFO - Health check passed - All systems normal
2024-12-14 05:56:10,029 - __main__ - INFO - Health check passed - All systems normal
2024-12-14 05:56:15,029 - __main__ - INFO - Health check passed - All systems normal
2024-12-14 05:56:20,029 - __main__ - INFO - Health check passed - All systems normal
2024-12-14 05:56:25,030 - __main__ - INFO - Health check passed - All systems normal
2024-12-14 05:56:30,029 - __main__ - INFO - Health check passed - All systems normal
2024-12-14 05:56:35,030 - __main__ - WARNING - Heartbeat timeout detected. Age: 32.841418s
2024-12-14 05:56:35,030 - __main__ - WARNING - Health check failure (heartbeat_timeout). Failure count: 1
2024-12-14 05:56:35,030 - __main__ - INFO - 
━━━━━━ Minor Health Check Issue ━━━━━━
Failure Count: 1
Status: Monitoring
Action: Continuing normal operation
━━━━━━━━━━━━━━━━━━━━━━━━
2024-12-14 05:56:40,029 - __main__ - WARNING - Heartbeat timeout detected. Age: 37.841015s
2024-12-14 05:56:40,030 - __main__ - WARNING - Health check failure (heartbeat_timeout). Failure count: 2
2024-12-14 05:56:40,030 - __main__ - WARNING - 
━━━━━━ Multiple Health Check Failures ━━━━━━
Failure Count: 2
Attempting reconnection...
━━━━━━━━━━━━━━━━━━━━━━━━
2024-12-14 05:56:40,030 - __main__ - ERROR - Error handling health failure: 'OctantDiscordBot' object has no attribute 'reconnect'
Traceback (most recent call last):
  File "/home/runner/workspace/discord_bot.py", line 265, in _handle_health_failure
    await self.reconnect()
          ^^^^^^^^^^^^^^
AttributeError: 'OctantDiscordBot' object has no attribute 'reconnect'
2024-12-14 05:56:45,028 - __main__ - WARNING - Heartbeat timeout detected. Age: 42.839694s
2024-12-14 05:56:45,028 - __main__ - WARNING - Health check failure (heartbeat_timeout). Failure count: 3
2024-12-14 05:56:45,028 - __main__ - CRITICAL - 
━━━━━━ Critical Health Check Failure ━━━━━━
Failure Count: 3
Last Error: None
Connection State: True
Latency: 24.02ms
Memory Usage: 0.1%
CPU Usage: 0.0%
━━━━━━━━━━━━━━━━━━━━━━━━
2024-12-14 05:56:45,029 - __main__ - WARNING - Attempting reconnection before emergency restart...
2024-12-14 05:56:45,029 - __main__ - ERROR - Reconnection failed: 'OctantDiscordBot' object has no attribute 'reconnect'
2024-12-14 05:56:45,029 - __main__ - CRITICAL - Reconnection failed - Initiating emergency restart
2024-12-14 05:56:45,029 - __main__ - CRITICAL - 
━━━━━━ Emergency Restart Initiated ━━━━━━
Reason: Health check failures exceeded
Time: 2024-12-14 05:56:45.029460+00:00
Uptime: 0.0h
Last Error: None
Memory Usage: 0.1%
CPU Usage: 0.0%
Health Failures: 3
Connected Guilds: 0
Last Message Time: None
━━━━━━━━━━━━━━━━━━━━━━━━
2024-12-14 05:59:07,438 - __main__ - INFO - Initializing Discord bot with enhanced monitoring
2024-12-14 05:59:07,439 - __main__ - INFO - Chat and Trivia handlers initialized successfully
2024-12-14 05:59:07,440 - __main__ - INFO - Bot initialization completed successfully
2024-12-14 05:59:07,441 - discord.client - INFO - logging in using static token
2024-12-14 05:59:07,783 - __main__ - INFO - Health monitoring tasks started
2024-12-14 05:59:07,794 - __main__ - WARNING - Connection check failed - Bot disconnected
2024-12-14 05:59:07,794 - __main__ - WARNING - Health check failure (disconnected). Failure count: 1
2024-12-14 05:59:07,794 - __main__ - INFO - 
━━━━━━ Minor Health Check Issue ━━━━━━
Failure Count: 1
Status: Monitoring
Action: Continuing normal operation
━━━━━━━━━━━━━━━━━━━━━━━━
2024-12-14 05:59:07,795 - __main__ - INFO - ━━━━━━ Connection Status ━━━━━━
Connected: False
Guilds: 0
Latency: nanms
Uptime: 0.0h
Health Failures: 1
━━━━━━━━━━━━━━━━━━━━━━━━
2024-12-14 05:59:07,959 - discord.gateway - INFO - Shard ID None has connected to Gateway (Session ID: 753331335c1925b74460bded6a43cb22).
2024-12-14 05:59:09,085 - __main__ - INFO - Initializing Discord bot with enhanced monitoring
2024-12-14 05:59:09,086 - __main__ - INFO - Chat and Trivia handlers initialized successfully
2024-12-14 05:59:09,087 - __main__ - INFO - Bot initialization completed successfully
2024-12-14 05:59:09,087 - discord.client - INFO - logging in using static token
2024-12-14 05:59:09,328 - __main__ - INFO - Health monitoring tasks started
2024-12-14 05:59:09,339 - __main__ - WARNING - Connection check failed - Bot disconnected
2024-12-14 05:59:09,339 - __main__ - WARNING - Health check failure (disconnected). Failure count: 1
2024-12-14 05:59:09,339 - __main__ - INFO - 
━━━━━━ Minor Health Check Issue ━━━━━━
Failure Count: 1
Status: Monitoring
Action: Continuing normal operation
━━━━━━━━━━━━━━━━━━━━━━━━
2024-12-14 05:59:09,339 - __main__ - INFO - ━━━━━━ Connection Status ━━━━━━
Connected: False
Guilds: 0
Latency: nanms
Uptime: 0.0h
Health Failures: 1
━━━━━━━━━━━━━━━━━━━━━━━━
2024-12-14 05:59:09,553 - discord.gateway - INFO - Shard ID None has connected to Gateway (Session ID: fb88fb1cbf4dcee5f958f4f6b8ff8871).
2024-12-14 05:59:11,567 - __main__ - INFO - ━━━━━━ Bot Ready ━━━━━━
Logged in as: OCTANTBOT
Bot ID: 1316950341954306159
Guilds connected: 2
━━━━━━━━━━━━━━━━━━━━━━━━
2024-12-14 05:59:14,331 - __main__ - INFO - Health check passed - All systems normal
2024-12-14 05:59:19,333 - __main__ - INFO - Health check passed - All systems normal
2024-12-14 05:59:24,334 - __main__ - INFO - Health check passed - All systems normal
2024-12-14 05:59:29,334 - __main__ - INFO - Health check passed - All systems normal
2024-12-14 05:59:34,334 - __main__ - INFO - Health check passed - All systems normal
2024-12-14 05:59:35,705 - __main__ - INFO - Initializing Discord bot with enhanced monitoring
2024-12-14 05:59:35,707 - __main__ - INFO - Chat and Trivia handlers initialized successfully
2024-12-14 05:59:35,707 - __main__ - INFO - Bot initialization completed successfully
2024-12-14 05:59:35,707 - discord.client - INFO - logging in using static token
2024-12-14 05:59:35,929 - __main__ - INFO - Health monitoring tasks started
2024-12-14 05:59:35,931 - __main__ - WARNING - Connection check failed - Bot disconnected
2024-12-14 05:59:35,931 - __main__ - WARNING - Health check failure (disconnected). Failure count: 1
2024-12-14 05:59:35,931 - __main__ - INFO - 
━━━━━━ Minor Health Check Issue ━━━━━━
Failure Count: 1
Status: Monitoring
Action: Continuing normal operation
━━━━━━━━━━━━━━━━━━━━━━━━
2024-12-14 05:59:35,931 - __main__ - INFO - ━━━━━━ Connection Status ━━━━━━
Connected: False
Guilds: 0
Latency: nanms
Uptime: 0.0h
Health Failures: 1
━━━━━━━━━━━━━━━━━━━━━━━━
2024-12-14 05:59:36,164 - discord.gateway - INFO - Shard ID None has connected to Gateway (Session ID: 647ce3526198300ec9733553e26d681b).
2024-12-14 05:59:38,283 - __main__ - INFO - Initializing Discord bot with enhanced monitoring
2024-12-14 05:59:38,285 - __main__ - INFO - Chat and Trivia handlers initialized successfully
2024-12-14 05:59:38,285 - __main__ - INFO - Bot initialization completed successfully
2024-12-14 05:59:38,285 - discord.client - INFO - logging in using static token
2024-12-14 05:59:38,595 - __main__ - INFO - Health monitoring tasks started
2024-12-14 05:59:38,596 - __main__ - WARNING - Connection check failed - Bot disconnected
2024-12-14 05:59:38,597 - __main__ - WARNING - Health check failure (disconnected). Failure count: 1
2024-12-14 05:59:38,597 - __main__ - INFO - 
━━━━━━ Minor Health Check Issue ━━━━━━
Failure Count: 1
Status: Monitoring
Action: Continuing normal operation
━━━━━━━━━━━━━━━━━━━━━━━━
2024-12-14 05:59:38,597 - __main__ - INFO - ━━━━━━ Connection Status ━━━━━━
Connected: False
Guilds: 0
Latency: nanms
Uptime: 0.0h
Health Failures: 1
━━━━━━━━━━━━━━━━━━━━━━━━
2024-12-14 05:59:38,803 - discord.gateway - INFO - Shard ID None has connected to Gateway (Session ID: a48d62bc451f3cd39930c39366c87ecf).
2024-12-14 05:59:40,809 - __main__ - INFO - ━━━━━━ Bot Ready ━━━━━━
Logged in as: OCTANTBOT
Bot ID: 1316950341954306159
Guilds connected: 2
━━━━━━━━━━━━━━━━━━━━━━━━
2024-12-14 05:59:53,609 - __main__ - INFO - Health check passed - All systems normal
2024-12-14 06:00:05,925 - chat_handler - INFO - URLs formatted successfully
2024-12-14 06:00:08,597 - __main__ - INFO - Health check passed - All systems normal
2024-12-14 06:00:23,599 - __main__ - INFO - Health check passed - All systems normal
2024-12-14 06:00:38,610 - __main__ - INFO - Health check passed - All systems normal
2024-12-14 06:00:38,611 - __main__ - INFO - ━━━━━━ Connection Status ━━━━━━
Connected: True
Guilds: 2
Latency: 29.68ms
Uptime: 0.0h
Health Failures: 0
━━━━━━━━━━━━━━━━━━━━━━━━
2024-12-14 06:00:53,611 - __main__ - INFO - Health check passed - All systems normal
2024-12-14 06:00:59,860 - __main__ - INFO - Initializing Discord bot with enhanced monitoring
2024-12-14 06:00:59,861 - __main__ - INFO - Chat and Trivia handlers initialized successfully
2024-12-14 06:00:59,862 - __main__ - INFO - Bot initialization completed successfully
2024-12-14 06:00:59,862 - discord.client - INFO - logging in using static token
2024-12-14 06:01:00,147 - __main__ - INFO - Health monitoring tasks started
2024-12-14 06:01:00,150 - __main__ - WARNING - Connection check failed - Bot disconnected
2024-12-14 06:01:00,150 - __main__ - WARNING - Health check failure (disconnected). Failure count: 1
2024-12-14 06:01:00,150 - __main__ - INFO - 
━━━━━━ Minor Health Check Issue ━━━━━━
Failure Count: 1
Status: Monitoring
Action: Continuing normal operation
━━━━━━━━━━━━━━━━━━━━━━━━
2024-12-14 06:01:00,150 - __main__ - INFO - ━━━━━━ Connection Status ━━━━━━
Connected: False
Guilds: 0
Latency: nanms
Uptime: 0.0h
Health Failures: 1
━━━━━━━━━━━━━━━━━━━━━━━━
2024-12-14 06:01:00,325 - discord.gateway - INFO - Shard ID None has connected to Gateway (Session ID: 0f4226e0f0ef40efaae5c64239bee15c).
2024-12-14 06:01:02,337 - __main__ - INFO - ━━━━━━ Bot Ready ━━━━━━
Logged in as: OCTANTBOT
Bot ID: 1316950341954306159
Guilds connected: 2
━━━━━━━━━━━━━━━━━━━━━━━━
2024-12-14 06:01:15,162 - __main__ - INFO - Health check passed - All systems normal
2024-12-14 06:01:30,164 - __main__ - INFO - Health check passed - All systems normal
2024-12-14 06:01:45,153 - __main__ - INFO - Health check passed - All systems normal
2024-12-14 06:02:00,164 - __main__ - INFO - Health check passed - All systems normal
2024-12-14 06:02:00,165 - __main__ - INFO - ━━━━━━ Connection Status ━━━━━━
Connected: True
Guilds: 2
Latency: 40.55ms
Uptime: 0.0h
Health Failures: 0
━━━━━━━━━━━━━━━━━━━━━━━━
2024-12-14 06:02:05,191 - __main__ - INFO - Initializing Discord bot with enhanced monitoring
2024-12-14 06:02:05,192 - __main__ - INFO - Chat and Trivia handlers initialized successfully
2024-12-14 06:02:05,193 - __main__ - INFO - Bot initialization completed successfully
2024-12-14 06:02:05,193 - discord.client - INFO - logging in using static token
2024-12-14 06:02:05,453 - __main__ - INFO - Health monitoring tasks started
2024-12-14 06:02:05,455 - __main__ - WARNING - Connection check failed - Bot disconnected
2024-12-14 06:02:05,455 - __main__ - WARNING - Health check failure (disconnected). Failure count: 1
2024-12-14 06:02:05,455 - __main__ - INFO - 
━━━━━━ Minor Health Check Issue ━━━━━━
Failure Count: 1
Status: Monitoring
Action: Continuing normal operation
━━━━━━━━━━━━━━━━━━━━━━━━
2024-12-14 06:02:05,455 - __main__ - INFO - ━━━━━━ Connection Status ━━━━━━
Connected: False
Guilds: 0
Latency: nanms
Uptime: 0.0h
Health Failures: 1
━━━━━━━━━━━━━━━━━━━━━━━━
2024-12-14 06:02:05,640 - discord.gateway - INFO - Shard ID None has connected to Gateway (Session ID: 528494b577e6b5735b5dac006c89e62d).
2024-12-14 06:02:07,649 - __main__ - INFO - ━━━━━━ Bot Ready ━━━━━━
Logged in as: OCTANTBOT
Bot ID: 1316950341954306159
Guilds connected: 2
━━━━━━━━━━━━━━━━━━━━━━━━
2024-12-14 06:02:20,467 - __main__ - INFO - Health check passed - All systems normal
2024-12-14 06:02:35,469 - __main__ - INFO - Health check passed - All systems normal
2024-12-14 06:02:50,457 - __main__ - INFO - Health check passed - All systems normal
2024-12-14 06:03:05,469 - __main__ - INFO - Health check passed - All systems normal
2024-12-14 06:03:05,469 - __main__ - INFO - ━━━━━━ Connection Status ━━━━━━
Connected: True
Guilds: 2
Latency: 28.12ms
Uptime: 0.0h
Health Failures: 0
━━━━━━━━━━━━━━━━━━━━━━━━
2024-12-14 06:03:20,469 - __main__ - INFO - Health check passed - All systems normal
2024-12-14 06:03:35,462 - __main__ - INFO - Health check passed - All systems normal
2024-12-14 06:03:50,469 - __main__ - INFO - Health check passed - All systems normal
2024-12-14 06:03:51,131 - __main__ - INFO - Initializing Discord bot with enhanced monitoring
2024-12-14 06:03:51,132 - __main__ - INFO - Chat and Trivia handlers initialized successfully
2024-12-14 06:03:51,132 - __main__ - INFO - Bot initialization completed successfully
2024-12-14 06:03:51,133 - discord.client - INFO - logging in using static token
2024-12-14 06:03:51,505 - __main__ - INFO - Health monitoring tasks started
2024-12-14 06:03:51,507 - __main__ - WARNING - Connection check failed - Bot disconnected
2024-12-14 06:03:51,507 - __main__ - WARNING - Health check failure (disconnected). Failure count: 1
2024-12-14 06:03:51,507 - __main__ - INFO - 
━━━━━━ Minor Health Check Issue ━━━━━━
Failure Count: 1
Status: Monitoring
Action: Continuing normal operation
━━━━━━━━━━━━━━━━━━━━━━━━
2024-12-14 06:03:51,507 - __main__ - INFO - ━━━━━━ Connection Status ━━━━━━
Connected: False
Guilds: 0
Latency: nanms
Uptime: 0.0h
Health Failures: 1
━━━━━━━━━━━━━━━━━━━━━━━━
2024-12-14 06:03:51,656 - discord.gateway - INFO - Shard ID None has connected to Gateway (Session ID: 75aed71733cee25b0a0f5e6efb7b44c2).
2024-12-14 06:03:53,663 - __main__ - INFO - ━━━━━━ Bot Ready ━━━━━━
Logged in as: OCTANTBOT
Bot ID: 1316950341954306159
Guilds connected: 2
━━━━━━━━━━━━━━━━━━━━━━━━
2024-12-15 02:03:18,695 - __main__ - INFO - Initializing Discord bot with enhanced monitoring
2024-12-15 02:03:18,698 - __main__ - INFO - Chat and Trivia handlers initialized successfully
2024-12-15 02:03:18,698 - __main__ - INFO - Bot initialization completed successfully
2024-12-15 02:03:18,699 - discord.client - INFO - logging in using static token
2024-12-15 02:03:19,042 - __main__ - INFO - Health monitoring tasks started
2024-12-15 02:03:19,043 - __main__ - WARNING - Connection check failed - Bot disconnected
2024-12-15 02:03:19,043 - __main__ - WARNING - Health check failure (disconnected). Failure count: 1
2024-12-15 02:03:19,043 - __main__ - INFO - 
━━━━━━ Minor Health Check Issue ━━━━━━
Failure Count: 1
Status: Monitoring
Action: Continuing normal operation
━━━━━━━━━━━━━━━━━━━━━━━━
2024-12-15 02:03:19,043 - __main__ - INFO - ━━━━━━ Connection Status ━━━━━━
Connected: False
Guilds: 0
Latency: nanms
Uptime: 0.0h
Health Failures: 1
━━━━━━━━━━━━━━━━━━━━━━━━
2024-12-15 02:03:19,226 - discord.gateway - INFO - Shard ID None has connected to Gateway (Session ID: 6be6cc8381339330364682dc28e4e1d1).
2024-12-15 02:03:21,239 - __main__ - INFO - ━━━━━━ Bot Ready ━━━━━━
Logged in as: OCTANTBOT
Bot ID: 1316950341954306159
Guilds connected: 2
━━━━━━━━━━━━━━━━━━━━━━━━
2024-12-15 02:03:34,055 - __main__ - INFO - Health check passed - All systems normal
2024-12-15 02:03:49,057 - __main__ - INFO - Health check passed - All systems normal
2024-12-15 02:04:04,046 - __main__ - INFO - Health check passed - All systems normal
2024-12-15 02:04:19,057 - __main__ - INFO - Health check passed - All systems normal
2024-12-15 02:04:19,057 - __main__ - INFO - ━━━━━━ Connection Status ━━━━━━
Connected: True
Guilds: 2
Latency: 46.35ms
Uptime: 0.0h
Health Failures: 0
━━━━━━━━━━━━━━━━━━━━━━━━
2024-12-15 02:04:34,058 - __main__ - INFO - Health check passed - All systems normal
2024-12-15 02:04:49,050 - __main__ - INFO - Health check passed - All systems normal
2024-12-15 02:05:04,057 - __main__ - INFO - Health check passed - All systems normal
2024-12-15 02:05:19,058 - __main__ - INFO - Health check passed - All systems normal
2024-12-15 02:05:19,058 - __main__ - INFO - ━━━━━━ Connection Status ━━━━━━
Connected: True
Guilds: 2
Latency: 25.53ms
Uptime: 0.0h
Health Failures: 0
━━━━━━━━━━━━━━━━━━━━━━━━
2024-12-15 02:05:34,054 - __main__ - WARNING - Heartbeat timeout detected. Age: 132.814549s
2024-12-15 02:05:34,054 - __main__ - WARNING - Health check failure (heartbeat_timeout). Failure count: 1
2024-12-15 02:05:34,054 - __main__ - INFO - 
━━━━━━ Minor Health Check Issue ━━━━━━
Failure Count: 1
Status: Monitoring
Action: Continuing normal operation
━━━━━━━━━━━━━━━━━━━━━━━━
2024-12-15 02:05:43,365 - __main__ - INFO - Initializing Discord bot with enhanced monitoring
2024-12-15 02:05:43,367 - __main__ - INFO - Chat and Trivia handlers initialized successfully
2024-12-15 02:05:43,367 - __main__ - INFO - Bot initialization completed successfully
2024-12-15 02:05:43,367 - discord.client - INFO - logging in using static token
2024-12-15 02:05:43,901 - __main__ - INFO - Health monitoring tasks started
2024-12-15 02:05:43,902 - __main__ - WARNING - Connection check failed - Bot disconnected
2024-12-15 02:05:43,902 - __main__ - WARNING - Health check failure (disconnected). Failure count: 1
2024-12-15 02:05:43,903 - __main__ - INFO - 
━━━━━━ Minor Health Check Issue ━━━━━━
Failure Count: 1
Status: Monitoring
Action: Continuing normal operation
━━━━━━━━━━━━━━━━━━━━━━━━
2024-12-15 02:05:43,903 - __main__ - INFO - ━━━━━━ Connection Status ━━━━━━
Connected: False
Guilds: 0
Latency: nanms
Uptime: 0.0h
Health Failures: 1
━━━━━━━━━━━━━━━━━━━━━━━━
2024-12-15 02:05:44,167 - discord.gateway - INFO - Shard ID None has connected to Gateway (Session ID: 929e70dfa0df5f9c860680f713540495).
2024-12-15 02:05:46,175 - __main__ - INFO - ━━━━━━ Bot Ready ━━━━━━
Logged in as: OCTANTBOT
Bot ID: 1316950341954306159
Guilds connected: 2
━━━━━━━━━━━━━━━━━━━━━━━━
2024-12-15 02:05:58,915 - __main__ - INFO - Health check passed - All systems normal
2024-12-15 02:06:12,870 - __main__ - INFO - Initializing Discord bot with enhanced monitoring
2024-12-15 02:06:12,873 - __main__ - INFO - Chat and Trivia handlers initialized successfully
2024-12-15 02:06:12,874 - __main__ - INFO - Bot initialization completed successfully
2024-12-15 02:06:12,874 - discord.client - INFO - logging in using static token
2024-12-15 02:06:13,147 - __main__ - INFO - Health monitoring tasks started
2024-12-15 02:06:13,148 - __main__ - WARNING - Connection check failed - Bot disconnected
2024-12-15 02:06:13,148 - __main__ - WARNING - Health check failure (disconnected). Failure count: 1
2024-12-15 02:06:13,148 - __main__ - INFO - 
━━━━━━ Minor Health Check Issue ━━━━━━
Failure Count: 1
Status: Monitoring
Action: Continuing normal operation
━━━━━━━━━━━━━━━━━━━━━━━━
2024-12-15 02:06:13,148 - __main__ - INFO - ━━━━━━ Connection Status ━━━━━━
Connected: False
Guilds: 0
Latency: nanms
Uptime: 0.0h
Health Failures: 1
━━━━━━━━━━━━━━━━━━━━━━━━
2024-12-15 02:06:13,385 - discord.gateway - INFO - Shard ID None has connected to Gateway (Session ID: 3a9785e9caa68c5f5bec186769006780).
2024-12-15 02:06:15,391 - __main__ - INFO - ━━━━━━ Bot Ready ━━━━━━
Logged in as: OCTANTBOT
Bot ID: 1316950341954306159
Guilds connected: 2
━━━━━━━━━━━━━━━━━━━━━━━━
2024-12-15 02:06:28,160 - __main__ - INFO - Health check passed - All systems normal
2024-12-15 02:06:43,162 - __main__ - INFO - Health check passed - All systems normal
2024-12-15 02:06:57,196 - chat_handler - INFO - URLs formatted successfully
2024-12-15 02:06:58,149 - __main__ - INFO - Health check passed - All systems normal
2024-12-15 02:07:13,163 - __main__ - INFO - Health check passed - All systems normal
2024-12-15 02:07:13,163 - __main__ - INFO - ━━━━━━ Connection Status ━━━━━━
Connected: True
Guilds: 2
Latency: 36.86ms
Uptime: 0.0h
Health Failures: 0
━━━━━━━━━━━━━━━━━━━━━━━━
2024-12-15 02:07:28,163 - __main__ - INFO - Health check passed - All systems normal
2024-12-15 02:07:43,155 - __main__ - INFO - Health check passed - All systems normal
2024-12-15 02:07:58,163 - __main__ - INFO - Health check passed - All systems normal
2024-12-15 02:08:13,163 - __main__ - INFO - Health check passed - All systems normal
2024-12-15 02:08:13,163 - __main__ - INFO - ━━━━━━ Connection Status ━━━━━━
Connected: True
Guilds: 2
Latency: 33.48ms
Uptime: 0.0h
Health Failures: 0
━━━━━━━━━━━━━━━━━━━━━━━━
2024-12-15 02:08:28,158 - __main__ - WARNING - Heartbeat timeout detected. Age: 132.766655s
2024-12-15 02:08:28,158 - __main__ - WARNING - Health check failure (heartbeat_timeout). Failure count: 1
2024-12-15 02:08:28,159 - __main__ - INFO - 
━━━━━━ Minor Health Check Issue ━━━━━━
Failure Count: 1
Status: Monitoring
Action: Continuing normal operation
━━━━━━━━━━━━━━━━━━━━━━━━
2024-12-15 02:08:43,163 - __main__ - WARNING - Heartbeat timeout detected. Age: 147.771507s
2024-12-15 02:08:43,163 - __main__ - WARNING - Health check failure (heartbeat_timeout). Failure count: 2
2024-12-15 02:08:43,163 - __main__ - WARNING - 
━━━━━━ Multiple Health Check Failures ━━━━━━
Failure Count: 2
Attempting reconnection...
━━━━━━━━━━━━━━━━━━━━━━━━
2024-12-15 02:08:43,164 - __main__ - INFO - Initializing Discord bot with enhanced monitoring
2024-12-15 02:08:43,165 - __main__ - INFO - Chat and Trivia handlers initialized successfully
2024-12-15 02:08:43,165 - __main__ - INFO - Bot initialization completed successfully
2024-12-15 02:08:43,165 - discord.client - INFO - logging in using static token
2024-12-15 02:08:43,478 - __main__ - INFO - Health monitoring tasks started
2024-12-15 02:08:43,479 - __main__ - WARNING - Connection check failed - Bot disconnected
2024-12-15 02:08:43,479 - __main__ - WARNING - Health check failure (disconnected). Failure count: 1
2024-12-15 02:08:43,480 - __main__ - INFO - 
━━━━━━ Minor Health Check Issue ━━━━━━
Failure Count: 1
Status: Monitoring
Action: Continuing normal operation
━━━━━━━━━━━━━━━━━━━━━━━━
2024-12-15 02:08:43,480 - __main__ - INFO - ━━━━━━ Connection Status ━━━━━━
Connected: False
Guilds: 0
Latency: nanms
Uptime: 0.0h
Health Failures: 1
━━━━━━━━━━━━━━━━━━━━━━━━
2024-12-15 02:08:43,673 - discord.gateway - INFO - Shard ID None has connected to Gateway (Session ID: 08ddc455263e98d64be48db084e833d8).
2024-12-15 02:08:45,196 - discord.client - INFO - logging in using static token
2024-12-15 02:08:45,197 - __main__ - ERROR - Reconnection attempt failed: Session is closed
2024-12-15 02:08:45,680 - __main__ - INFO - ━━━━━━ Bot Ready ━━━━━━
Logged in as: OCTANTBOT
Bot ID: 1316950341954306159
Guilds connected: 2
━━━━━━━━━━━━━━━━━━━━━━━━
2024-12-15 02:08:58,160 - __main__ - WARNING - Heartbeat timeout detected. Age: 162.768643s
2024-12-15 02:08:58,160 - __main__ - WARNING - Health check failure (heartbeat_timeout). Failure count: 3
2024-12-15 02:08:58,160 - __main__ - WARNING - 
━━━━━━ Multiple Health Check Failures ━━━━━━
Failure Count: 3
Attempting reconnection...
━━━━━━━━━━━━━━━━━━━━━━━━
2024-12-15 02:08:58,480 - __main__ - INFO - Health check passed - All systems normal
2024-12-15 02:09:00,164 - discord.client - INFO - logging in using static token
2024-12-15 02:09:00,164 - __main__ - ERROR - Reconnection attempt failed: Session is closed
2024-12-15 02:09:13,160 - __main__ - WARNING - Heartbeat timeout detected. Age: 177.768664s
2024-12-15 02:09:13,160 - __main__ - WARNING - Health check failure (heartbeat_timeout). Failure count: 4
2024-12-15 02:09:13,160 - __main__ - WARNING - 
━━━━━━ Multiple Health Check Failures ━━━━━━
Failure Count: 4
Attempting reconnection...
━━━━━━━━━━━━━━━━━━━━━━━━
2024-12-15 02:09:13,161 - __main__ - INFO - ━━━━━━ Connection Status ━━━━━━
Connected: True
Guilds: 2
Latency: infms
Uptime: 0.1h
Health Failures: 4
━━━━━━━━━━━━━━━━━━━━━━━━
2024-12-15 02:09:13,479 - __main__ - INFO - Health check passed - All systems normal
2024-12-15 02:09:15,162 - discord.client - INFO - logging in using static token
2024-12-15 02:09:15,162 - __main__ - ERROR - Reconnection attempt failed: Session is closed
2024-12-15 02:09:28,151 - __main__ - WARNING - Heartbeat timeout detected. Age: 192.759557s
2024-12-15 02:09:28,151 - __main__ - WARNING - Health check failure (heartbeat_timeout). Failure count: 5
2024-12-15 02:09:28,151 - __main__ - WARNING - 
━━━━━━ Multiple Health Check Failures ━━━━━━
Failure Count: 5
Attempting reconnection...
━━━━━━━━━━━━━━━━━━━━━━━━
2024-12-15 02:09:28,479 - __main__ - INFO - Health check passed - All systems normal
2024-12-15 02:09:30,154 - discord.client - INFO - logging in using static token
2024-12-15 02:09:30,154 - __main__ - ERROR - Reconnection attempt failed: Session is closed
2024-12-15 02:09:32,968 - __main__ - INFO - Initializing Discord bot with enhanced monitoring
2024-12-15 02:09:32,972 - __main__ - INFO - Chat and Trivia handlers initialized successfully
2024-12-15 02:09:32,973 - __main__ - INFO - Bot initialization completed successfully
2024-12-15 02:09:32,973 - discord.client - INFO - logging in using static token
2024-12-15 02:09:33,274 - __main__ - INFO - Health monitoring tasks started
2024-12-15 02:09:33,275 - __main__ - WARNING - Connection check failed - Bot disconnected
2024-12-15 02:09:33,276 - __main__ - WARNING - Health check failure (disconnected). Failure count: 1
2024-12-15 02:09:33,276 - __main__ - INFO - 
━━━━━━ Minor Health Check Issue ━━━━━━
Failure Count: 1
Status: Monitoring
Action: Continuing normal operation
━━━━━━━━━━━━━━━━━━━━━━━━
2024-12-15 02:09:33,276 - __main__ - INFO - ━━━━━━ Connection Status ━━━━━━
Connected: False
Guilds: 0
Latency: nanms
Uptime: 0.0h
Health Failures: 1
━━━━━━━━━━━━━━━━━━━━━━━━
2024-12-15 02:09:33,521 - discord.gateway - INFO - Shard ID None has connected to Gateway (Session ID: 70c6b764e0ec162f2e3b1e62408d1297).
2024-12-15 02:09:35,530 - __main__ - INFO - ━━━━━━ Bot Ready ━━━━━━
Logged in as: OCTANTBOT
Bot ID: 1316950341954306159
Guilds connected: 2
━━━━━━━━━━━━━━━━━━━━━━━━
2024-12-15 02:09:48,287 - __main__ - INFO - Health check passed - All systems normal
2024-12-15 02:10:03,276 - __main__ - INFO - Health check passed - All systems normal
2024-12-15 02:10:06,127 - chat_handler - INFO - URLs formatted successfully
2024-12-15 02:10:18,280 - __main__ - INFO - Health check passed - All systems normal
2024-12-15 02:10:20,847 - chat_handler - INFO - URLs formatted successfully
2024-12-15 02:10:27,271 - discord.app_commands.tree - ERROR - Ignoring exception in command tree
Traceback (most recent call last):
  File "/home/runner/workspace/.pythonlibs/lib/python3.11/site-packages/discord/app_commands/tree.py", line 1151, in wrapper
    await self._call(interaction)
  File "/home/runner/workspace/.pythonlibs/lib/python3.11/site-packages/discord/app_commands/tree.py", line 1283, in _call
    command, options = self._get_app_command_options(data)
                       ^^^^^^^^^^^^^^^^^^^^^^^^^^^^^^^^^^^
  File "/home/runner/workspace/.pythonlibs/lib/python3.11/site-packages/discord/app_commands/tree.py", line 1187, in _get_app_command_options
    raise CommandNotFound(name, parents)
discord.app_commands.errors.CommandNotFound: Application command 'help' not found
2024-12-15 02:10:33,280 - __main__ - INFO - Health check passed - All systems normal
2024-12-15 02:10:33,280 - __main__ - INFO - ━━━━━━ Connection Status ━━━━━━
Connected: True
Guilds: 2
Latency: 33.31ms
Uptime: 0.0h
Health Failures: 0
━━━━━━━━━━━━━━━━━━━━━━━━
2024-12-15 02:10:36,090 - discord.app_commands.tree - ERROR - Ignoring exception in command tree
Traceback (most recent call last):
  File "/home/runner/workspace/.pythonlibs/lib/python3.11/site-packages/discord/app_commands/tree.py", line 1151, in wrapper
    await self._call(interaction)
  File "/home/runner/workspace/.pythonlibs/lib/python3.11/site-packages/discord/app_commands/tree.py", line 1283, in _call
    command, options = self._get_app_command_options(data)
                       ^^^^^^^^^^^^^^^^^^^^^^^^^^^^^^^^^^^
  File "/home/runner/workspace/.pythonlibs/lib/python3.11/site-packages/discord/app_commands/tree.py", line 1187, in _get_app_command_options
    raise CommandNotFound(name, parents)
discord.app_commands.errors.CommandNotFound: Application command 'ping' not found
2024-12-15 02:10:48,288 - __main__ - INFO - Health check passed - All systems normal
2024-12-15 02:11:03,282 - __main__ - INFO - Health check passed - All systems normal
2024-12-15 02:11:18,289 - __main__ - INFO - Health check passed - All systems normal
2024-12-15 02:11:33,289 - __main__ - INFO - Health check passed - All systems normal
2024-12-15 02:11:33,289 - __main__ - INFO - ━━━━━━ Connection Status ━━━━━━
Connected: True
Guilds: 2
Latency: 26.23ms
Uptime: 0.0h
Health Failures: 0
━━━━━━━━━━━━━━━━━━━━━━━━
2024-12-15 02:13:25,978 - __main__ - INFO - Initializing Discord bot with enhanced monitoring
2024-12-15 02:13:25,982 - __main__ - INFO - Chat and Trivia handlers initialized successfully
2024-12-15 02:13:25,984 - __main__ - INFO - Bot initialization completed successfully
2024-12-15 02:13:25,984 - discord.client - INFO - logging in using static token
2024-12-15 02:13:26,341 - __main__ - INFO - Health monitoring tasks started
2024-12-15 02:13:26,343 - __main__ - WARNING - Connection check failed - Bot disconnected
2024-12-15 02:13:26,343 - __main__ - WARNING - Health check failure (disconnected). Failure count: 1
2024-12-15 02:13:26,343 - __main__ - INFO - 
━━━━━━ Minor Health Check Issue ━━━━━━
Failure Count: 1
Status: Monitoring
Action: Continuing normal operation
━━━━━━━━━━━━━━━━━━━━━━━━
2024-12-15 02:13:26,343 - __main__ - INFO - ━━━━━━ Connection Status ━━━━━━
Connected: False
Guilds: 0
Latency: nanms
Uptime: 0.0h
Health Failures: 1
━━━━━━━━━━━━━━━━━━━━━━━━
2024-12-15 02:13:26,569 - discord.gateway - INFO - Shard ID None has connected to Gateway (Session ID: 744736a148d263b23cf1a26a9d7e8e5b).
2024-12-15 02:13:28,574 - __main__ - INFO - ━━━━━━ Bot Ready ━━━━━━
Logged in as: OCTANTBOT
Bot ID: 1316950341954306159
Guilds connected: 2
━━━━━━━━━━━━━━━━━━━━━━━━
2024-12-15 02:13:41,356 - __main__ - INFO - Health check passed - All systems normal
2024-12-15 02:13:51,536 - chat_handler - WARNING - Response lacks Octant-related content, returning default message
2024-12-15 02:13:56,348 - __main__ - INFO - Health check passed - All systems normal
2024-12-15 02:14:11,346 - __main__ - INFO - Health check passed - All systems normal
2024-12-15 02:14:26,359 - __main__ - INFO - Health check passed - All systems normal
2024-12-15 02:14:26,359 - __main__ - INFO - ━━━━━━ Connection Status ━━━━━━
Connected: True
Guilds: 2
Latency: 26.14ms
Uptime: 0.0h
Health Failures: 0
━━━━━━━━━━━━━━━━━━━━━━━━
2024-12-15 02:14:41,357 - __main__ - INFO - Health check passed - All systems normal
2024-12-15 02:14:56,350 - __main__ - INFO - Health check passed - All systems normal
2024-12-15 02:15:11,358 - __main__ - INFO - Health check passed - All systems normal
2024-12-15 02:15:26,357 - __main__ - INFO - Health check passed - All systems normal
2024-12-15 02:15:26,357 - __main__ - INFO - ━━━━━━ Connection Status ━━━━━━
Connected: True
Guilds: 2
Latency: 25.68ms
Uptime: 0.0h
Health Failures: 0
━━━━━━━━━━━━━━━━━━━━━━━━
2024-12-15 02:15:29,518 - __main__ - INFO - Initializing Discord bot with enhanced monitoring
2024-12-15 02:15:29,519 - __main__ - INFO - Chat and Trivia handlers initialized successfully
2024-12-15 02:15:29,520 - __main__ - INFO - Bot initialization completed successfully
2024-12-15 02:15:29,520 - discord.client - INFO - logging in using static token
2024-12-15 02:15:29,838 - __main__ - INFO - Health monitoring tasks started
2024-12-15 02:15:29,839 - __main__ - WARNING - Connection check failed - Bot disconnected
2024-12-15 02:15:29,839 - __main__ - WARNING - Health check failure (disconnected). Failure count: 1
2024-12-15 02:15:29,839 - __main__ - INFO - 
━━━━━━ Minor Health Check Issue ━━━━━━
Failure Count: 1
Status: Monitoring
Action: Continuing normal operation
━━━━━━━━━━━━━━━━━━━━━━━━
2024-12-15 02:15:29,840 - __main__ - INFO - ━━━━━━ Connection Status ━━━━━━
Connected: False
Guilds: 0
Latency: nanms
Uptime: 0.0h
Health Failures: 1
━━━━━━━━━━━━━━━━━━━━━━━━
2024-12-15 02:15:30,196 - discord.gateway - INFO - Shard ID None has connected to Gateway (Session ID: 65ae91cb9e55410fd44dbf1f303d8d91).
2024-12-15 02:15:32,012 - __main__ - INFO - Initializing Discord bot with enhanced monitoring
2024-12-15 02:15:32,013 - __main__ - INFO - Chat and Trivia handlers initialized successfully
2024-12-15 02:15:32,013 - __main__ - INFO - Bot initialization completed successfully
2024-12-15 02:15:32,013 - discord.client - INFO - logging in using static token
2024-12-15 02:15:32,317 - __main__ - INFO - Health monitoring tasks started
2024-12-15 02:15:32,318 - __main__ - WARNING - Connection check failed - Bot disconnected
2024-12-15 02:15:32,319 - __main__ - WARNING - Health check failure (disconnected). Failure count: 1
2024-12-15 02:15:32,319 - __main__ - INFO - 
━━━━━━ Minor Health Check Issue ━━━━━━
Failure Count: 1
Status: Monitoring
Action: Continuing normal operation
━━━━━━━━━━━━━━━━━━━━━━━━
2024-12-15 02:15:32,319 - __main__ - INFO - ━━━━━━ Connection Status ━━━━━━
Connected: False
Guilds: 0
Latency: nanms
Uptime: 0.0h
Health Failures: 1
━━━━━━━━━━━━━━━━━━━━━━━━
2024-12-15 02:15:32,503 - discord.gateway - INFO - Shard ID None has connected to Gateway (Session ID: e56a207cffc33c196affc141f3d3d445).
2024-12-15 02:15:34,510 - __main__ - INFO - ━━━━━━ Bot Ready ━━━━━━
Logged in as: OCTANTBOT
Bot ID: 1316950341954306159
Guilds connected: 2
━━━━━━━━━━━━━━━━━━━━━━━━
2024-12-15 02:15:47,333 - __main__ - INFO - Health check passed - All systems normal
2024-12-15 02:16:02,334 - __main__ - INFO - Health check passed - All systems normal
2024-12-15 02:16:17,322 - __main__ - INFO - Health check passed - All systems normal
2024-12-15 02:16:20,527 - __main__ - INFO - Initializing Discord bot with enhanced monitoring
2024-12-15 02:16:20,528 - __main__ - INFO - Chat and Trivia handlers initialized successfully
2024-12-15 02:16:20,529 - __main__ - INFO - Bot initialization completed successfully
2024-12-15 02:16:20,529 - discord.client - INFO - logging in using static token
2024-12-15 02:16:20,885 - __main__ - INFO - Health monitoring tasks started
2024-12-15 02:16:20,887 - __main__ - WARNING - Connection check failed - Bot disconnected
2024-12-15 02:16:20,888 - __main__ - WARNING - Health check failure (disconnected). Failure count: 1
2024-12-15 02:16:20,888 - __main__ - INFO - 
━━━━━━ Minor Health Check Issue ━━━━━━
Failure Count: 1
Status: Monitoring
Action: Continuing normal operation
━━━━━━━━━━━━━━━━━━━━━━━━
2024-12-15 02:16:20,888 - __main__ - INFO - ━━━━━━ Connection Status ━━━━━━
Connected: False
Guilds: 0
Latency: nanms
Uptime: 0.0h
Health Failures: 1
━━━━━━━━━━━━━━━━━━━━━━━━
2024-12-15 02:16:21,060 - discord.gateway - INFO - Shard ID None has connected to Gateway (Session ID: 51022bc0c0cf4ba3c436b330e7a3f13e).
2024-12-15 02:16:23,065 - __main__ - INFO - ━━━━━━ Bot Ready ━━━━━━
Logged in as: OCTANTBOT
Bot ID: 1316950341954306159
Guilds connected: 2
━━━━━━━━━━━━━━━━━━━━━━━━
