2024-12-04 00:19:58,161 - __main__ - INFO - [telegram_bot:113] - Initializing Telegram bot...
2024-12-04 00:19:58,241 - __main__ - INFO - [telegram_bot:144] - Starting Telegram bot with enhanced monitoring...
2024-12-04 00:19:58,241 - __main__ - INFO - [telegram_bot:145] - Current retry count: 0
2024-12-04 00:19:58,241 - __main__ - INFO - [telegram_bot:146] - Connection parameters: polling_timeout=60s, connection_retries=infinite
2024-12-04 00:19:58,241 - __main__ - INFO - [telegram_bot:152] - Bot configuration completed successfully
2024-12-04 00:19:58,241 - __main__ - INFO - [telegram_bot:153] - Starting polling with drop_pending_updates=True
2024-12-04 00:19:58,241 - __main__ - INFO - [telegram_bot:154] - Bot is now operational and handling messages
2024-12-04 00:20:10,539 - __main__ - ERROR - [telegram_bot:78] - Update 80098883 caused error 'NoneType' object has no attribute 'reply_text'
2024-12-04 00:20:10,540 - __main__ - ERROR - [telegram_bot:93] - Unknown error occurred
2024-12-04 00:20:10,540 - __main__ - ERROR - [telegram_bot:94] - Error details: 'NoneType' object has no attribute 'reply_text'
2024-12-04 00:20:22,251 - __main__ - INFO - [telegram_bot:114] - Initializing Telegram bot...
2024-12-04 00:20:22,733 - __main__ - INFO - [telegram_bot:114] - Initializing Telegram bot...
2024-12-04 00:20:22,812 - __main__ - INFO - [telegram_bot:145] - Starting Telegram bot with enhanced monitoring...
2024-12-04 00:20:22,813 - __main__ - INFO - [telegram_bot:146] - Current retry count: 0
2024-12-04 00:20:22,813 - __main__ - INFO - [telegram_bot:147] - Connection parameters: polling_timeout=60s, connection_retries=infinite
2024-12-04 00:20:22,813 - __main__ - INFO - [telegram_bot:153] - Bot configuration completed successfully
2024-12-04 00:20:22,813 - __main__ - INFO - [telegram_bot:154] - Starting polling with drop_pending_updates=True
2024-12-04 00:20:22,813 - __main__ - INFO - [telegram_bot:155] - Bot is now operational and handling messages
2024-12-04 00:21:10,969 - __main__ - INFO - [telegram_bot:159] - Initializing Telegram bot...
2024-12-04 00:21:11,049 - __main__ - INFO - [telegram_bot:190] - Starting Telegram bot with enhanced monitoring...
2024-12-04 00:21:11,049 - __main__ - INFO - [telegram_bot:191] - Current retry count: 0
2024-12-04 00:21:11,049 - __main__ - INFO - [telegram_bot:192] - Connection parameters: polling_timeout=60s, connection_retries=infinite
2024-12-04 00:21:11,049 - __main__ - INFO - [telegram_bot:198] - Bot configuration completed successfully
2024-12-04 00:21:11,049 - __main__ - INFO - [telegram_bot:199] - Starting polling with drop_pending_updates=True
2024-12-04 00:21:11,049 - __main__ - INFO - [telegram_bot:200] - Bot is now operational and handling messages
2024-12-04 00:21:11,365 - httpx - INFO - [_client:1742] - HTTP Request: POST https://api.telegram.org/bot8132599480:AAF6t5to2vOuGx09hTm7Xrjp5Lqe3iViEtc/getMe "HTTP/1.1 200 OK"
2024-12-04 00:21:11,469 - httpx - INFO - [_client:1742] - HTTP Request: POST https://api.telegram.org/bot8132599480:AAF6t5to2vOuGx09hTm7Xrjp5Lqe3iViEtc/deleteWebhook "HTTP/1.1 200 OK"
2024-12-04 00:21:11,471 - telegram.ext.Application - INFO - [_application:631] - Application started
2024-12-04 00:21:21,801 - httpx - INFO - [_client:1742] - HTTP Request: POST https://api.telegram.org/bot8132599480:AAF6t5to2vOuGx09hTm7Xrjp5Lqe3iViEtc/getUpdates "HTTP/1.1 200 OK"
2024-12-04 00:21:27,669 - httpx - INFO - [_client:1742] - HTTP Request: POST https://api.telegram.org/bot8132599480:AAF6t5to2vOuGx09hTm7Xrjp5Lqe3iViEtc/getUpdates "HTTP/1.1 200 OK"
2024-12-04 00:21:27,775 - httpx - INFO - [_client:1742] - HTTP Request: POST https://api.telegram.org/bot8132599480:AAF6t5to2vOuGx09hTm7Xrjp5Lqe3iViEtc/getUpdates "HTTP/1.1 200 OK"
2024-12-04 00:21:27,883 - httpx - INFO - [_client:1742] - HTTP Request: POST https://api.telegram.org/bot8132599480:AAF6t5to2vOuGx09hTm7Xrjp5Lqe3iViEtc/getUpdates "HTTP/1.1 200 OK"
2024-12-04 00:21:37,989 - httpx - INFO - [_client:1742] - HTTP Request: POST https://api.telegram.org/bot8132599480:AAF6t5to2vOuGx09hTm7Xrjp5Lqe3iViEtc/getUpdates "HTTP/1.1 200 OK"
2024-12-04 00:21:44,808 - httpx - INFO - [_client:1742] - HTTP Request: POST https://api.telegram.org/bot8132599480:AAF6t5to2vOuGx09hTm7Xrjp5Lqe3iViEtc/getUpdates "HTTP/1.1 200 OK"
2024-12-04 00:21:58,892 - httpx - INFO - [_client:1742] - HTTP Request: POST https://api.telegram.org/bot8132599480:AAF6t5to2vOuGx09hTm7Xrjp5Lqe3iViEtc/getUpdates "HTTP/1.1 200 OK"
2024-12-04 00:21:59,030 - httpx - INFO - [_client:1742] - HTTP Request: POST https://api.telegram.org/bot8132599480:AAF6t5to2vOuGx09hTm7Xrjp5Lqe3iViEtc/sendMessage "HTTP/1.1 200 OK"
2024-12-04 00:21:59,287 - httpx - INFO - [_client:1742] - HTTP Request: POST https://api.telegram.org/bot8132599480:AAF6t5to2vOuGx09hTm7Xrjp5Lqe3iViEtc/sendMessage "HTTP/1.1 200 OK"
2024-12-04 00:22:01,502 - __main__ - INFO - [telegram_bot:183] - Initializing Telegram bot...
2024-12-04 00:22:01,578 - __main__ - INFO - [telegram_bot:215] - ━━━━━━ Bot Configuration ━━━━━━
2024-12-04 00:22:01,578 - __main__ - INFO - [telegram_bot:216] - Start Time: 2024-12-04 00:22:01
2024-12-04 00:22:01,578 - __main__ - INFO - [telegram_bot:217] - Retry Count: 0
2024-12-04 00:22:01,578 - __main__ - INFO - [telegram_bot:218] - Connection Parameters:
2024-12-04 00:22:01,578 - __main__ - INFO - [telegram_bot:219] - - Polling Timeout: 60s
2024-12-04 00:22:01,578 - __main__ - INFO - [telegram_bot:220] - - Connection Retries: infinite
2024-12-04 00:22:01,579 - __main__ - INFO - [telegram_bot:221] - - Update Mode: polling
2024-12-04 00:22:01,579 - __main__ - INFO - [telegram_bot:222] - ━━━━━━━━━━━━━━━━━━━━━━━━━━━━
2024-12-04 00:22:01,579 - __main__ - INFO - [telegram_bot:172] - ━━━━━━ System Statistics ━━━━━━
2024-12-04 00:22:01,579 - __main__ - INFO - [telegram_bot:173] - Uptime: 0h 0m 0s
2024-12-04 00:22:01,579 - __main__ - INFO - [telegram_bot:174] - Memory Usage: 51.55 MB
2024-12-04 00:22:01,579 - __main__ - INFO - [telegram_bot:175] - CPU Usage: 0.0%
2024-12-04 00:22:01,579 - __main__ - INFO - [telegram_bot:176] - Retry Count: 0
2024-12-04 00:22:01,580 - __main__ - INFO - [telegram_bot:177] - ━━━━━━━━━━━━━━━━━━━━━━━━━━━━
2024-12-04 00:22:01,897 - httpx - INFO - [_client:1742] - HTTP Request: POST https://api.telegram.org/bot8132599480:AAF6t5to2vOuGx09hTm7Xrjp5Lqe3iViEtc/getMe "HTTP/1.1 200 OK"
2024-12-04 00:22:02,008 - httpx - INFO - [_client:1742] - HTTP Request: POST https://api.telegram.org/bot8132599480:AAF6t5to2vOuGx09hTm7Xrjp5Lqe3iViEtc/deleteWebhook "HTTP/1.1 200 OK"
2024-12-04 00:22:02,009 - telegram.ext.Application - INFO - [_application:631] - Application started
2024-12-04 00:22:12,323 - httpx - INFO - [_client:1742] - HTTP Request: POST https://api.telegram.org/bot8132599480:AAF6t5to2vOuGx09hTm7Xrjp5Lqe3iViEtc/getUpdates "HTTP/1.1 200 OK"
2024-12-04 00:22:22,430 - httpx - INFO - [_client:1742] - HTTP Request: POST https://api.telegram.org/bot8132599480:AAF6t5to2vOuGx09hTm7Xrjp5Lqe3iViEtc/getUpdates "HTTP/1.1 200 OK"
2024-12-04 00:22:32,535 - httpx - INFO - [_client:1742] - HTTP Request: POST https://api.telegram.org/bot8132599480:AAF6t5to2vOuGx09hTm7Xrjp5Lqe3iViEtc/getUpdates "HTTP/1.1 200 OK"
2024-12-04 00:22:39,751 - httpx - INFO - [_client:1742] - HTTP Request: POST https://api.telegram.org/bot8132599480:AAF6t5to2vOuGx09hTm7Xrjp5Lqe3iViEtc/getUpdates "HTTP/1.1 200 OK"
2024-12-04 00:22:40,230 - httpx - INFO - [_client:1742] - HTTP Request: POST https://api.telegram.org/bot8132599480:AAF6t5to2vOuGx09hTm7Xrjp5Lqe3iViEtc/sendMessage "HTTP/1.1 200 OK"
2024-12-04 00:22:42,395 - httpx - INFO - [_client:1742] - HTTP Request: POST https://api.telegram.org/bot8132599480:AAF6t5to2vOuGx09hTm7Xrjp5Lqe3iViEtc/getUpdates "HTTP/1.1 200 OK"
2024-12-04 00:22:42,644 - httpx - INFO - [_client:1742] - HTTP Request: POST https://api.telegram.org/bot8132599480:AAF6t5to2vOuGx09hTm7Xrjp5Lqe3iViEtc/answerCallbackQuery "HTTP/1.1 200 OK"
2024-12-04 00:22:42,907 - httpx - INFO - [_client:1742] - HTTP Request: POST https://api.telegram.org/bot8132599480:AAF6t5to2vOuGx09hTm7Xrjp5Lqe3iViEtc/sendMessage "HTTP/1.1 200 OK"
2024-12-04 00:22:42,908 - __main__ - ERROR - [telegram_bot:96] - [2024-12-04 00:22:42] Update 80098890 caused error: 'NoneType' object has no attribute 'reply_text'
2024-12-04 00:22:42,909 - __main__ - ERROR - [telegram_bot:98] - User info: ID=7494798358, Username=rexflexas
2024-12-04 00:22:42,909 - __main__ - ERROR - [telegram_bot:124] - [2024-12-04 00:22:42] Unhandled error type: AttributeError
2024-12-04 00:22:42,909 - __main__ - ERROR - [telegram_bot:125] - Error details: 'NoneType' object has no attribute 'reply_text'
2024-12-04 00:22:42,909 - __main__ - INFO - [telegram_bot:126] - Implementing default error recovery...
2024-12-04 00:22:47,914 - __main__ - INFO - [telegram_bot:133] - Current memory usage: 52.30 MB
2024-12-04 00:22:48,388 - httpx - INFO - [_client:1742] - HTTP Request: POST https://api.telegram.org/bot8132599480:AAF6t5to2vOuGx09hTm7Xrjp5Lqe3iViEtc/sendMessage "HTTP/1.1 200 OK"
2024-12-04 00:22:52,501 - httpx - INFO - [_client:1742] - HTTP Request: POST https://api.telegram.org/bot8132599480:AAF6t5to2vOuGx09hTm7Xrjp5Lqe3iViEtc/getUpdates "HTTP/1.1 200 OK"
2024-12-04 00:23:02,605 - httpx - INFO - [_client:1742] - HTTP Request: POST https://api.telegram.org/bot8132599480:AAF6t5to2vOuGx09hTm7Xrjp5Lqe3iViEtc/getUpdates "HTTP/1.1 200 OK"
2024-12-04 00:23:12,712 - httpx - INFO - [_client:1742] - HTTP Request: POST https://api.telegram.org/bot8132599480:AAF6t5to2vOuGx09hTm7Xrjp5Lqe3iViEtc/getUpdates "HTTP/1.1 200 OK"
2024-12-04 00:23:22,821 - httpx - INFO - [_client:1742] - HTTP Request: POST https://api.telegram.org/bot8132599480:AAF6t5to2vOuGx09hTm7Xrjp5Lqe3iViEtc/getUpdates "HTTP/1.1 200 OK"
2024-12-04 00:23:32,926 - httpx - INFO - [_client:1742] - HTTP Request: POST https://api.telegram.org/bot8132599480:AAF6t5to2vOuGx09hTm7Xrjp5Lqe3iViEtc/getUpdates "HTTP/1.1 200 OK"
2024-12-04 00:23:43,032 - httpx - INFO - [_client:1742] - HTTP Request: POST https://api.telegram.org/bot8132599480:AAF6t5to2vOuGx09hTm7Xrjp5Lqe3iViEtc/getUpdates "HTTP/1.1 200 OK"
2024-12-04 00:23:53,138 - httpx - INFO - [_client:1742] - HTTP Request: POST https://api.telegram.org/bot8132599480:AAF6t5to2vOuGx09hTm7Xrjp5Lqe3iViEtc/getUpdates "HTTP/1.1 200 OK"
2024-12-04 00:24:03,243 - httpx - INFO - [_client:1742] - HTTP Request: POST https://api.telegram.org/bot8132599480:AAF6t5to2vOuGx09hTm7Xrjp5Lqe3iViEtc/getUpdates "HTTP/1.1 200 OK"
2024-12-04 00:24:13,349 - httpx - INFO - [_client:1742] - HTTP Request: POST https://api.telegram.org/bot8132599480:AAF6t5to2vOuGx09hTm7Xrjp5Lqe3iViEtc/getUpdates "HTTP/1.1 200 OK"
2024-12-04 00:24:23,456 - httpx - INFO - [_client:1742] - HTTP Request: POST https://api.telegram.org/bot8132599480:AAF6t5to2vOuGx09hTm7Xrjp5Lqe3iViEtc/getUpdates "HTTP/1.1 200 OK"
2024-12-04 00:24:33,561 - httpx - INFO - [_client:1742] - HTTP Request: POST https://api.telegram.org/bot8132599480:AAF6t5to2vOuGx09hTm7Xrjp5Lqe3iViEtc/getUpdates "HTTP/1.1 200 OK"
2024-12-04 00:24:43,668 - httpx - INFO - [_client:1742] - HTTP Request: POST https://api.telegram.org/bot8132599480:AAF6t5to2vOuGx09hTm7Xrjp5Lqe3iViEtc/getUpdates "HTTP/1.1 200 OK"
2024-12-04 00:24:46,173 - __main__ - INFO - [telegram_bot:183] - Initializing Telegram bot...
2024-12-04 00:24:46,251 - __main__ - INFO - [telegram_bot:215] - ━━━━━━ Bot Configuration ━━━━━━
2024-12-04 00:24:46,251 - __main__ - INFO - [telegram_bot:216] - Start Time: 2024-12-04 00:24:46
2024-12-04 00:24:46,251 - __main__ - INFO - [telegram_bot:217] - Retry Count: 0
2024-12-04 00:24:46,251 - __main__ - INFO - [telegram_bot:218] - Connection Parameters:
2024-12-04 00:24:46,252 - __main__ - INFO - [telegram_bot:219] - - Polling Timeout: 60s
2024-12-04 00:24:46,252 - __main__ - INFO - [telegram_bot:220] - - Connection Retries: infinite
2024-12-04 00:24:46,252 - __main__ - INFO - [telegram_bot:221] - - Update Mode: polling
2024-12-04 00:24:46,252 - __main__ - INFO - [telegram_bot:222] - ━━━━━━━━━━━━━━━━━━━━━━━━━━━━
2024-12-04 00:24:46,252 - __main__ - INFO - [telegram_bot:172] - ━━━━━━ System Statistics ━━━━━━
2024-12-04 00:24:46,252 - __main__ - INFO - [telegram_bot:173] - Uptime: 0h 0m 0s
2024-12-04 00:24:46,252 - __main__ - INFO - [telegram_bot:174] - Memory Usage: 50.34 MB
2024-12-04 00:24:46,253 - __main__ - INFO - [telegram_bot:175] - CPU Usage: 0.0%
2024-12-04 00:24:46,253 - __main__ - INFO - [telegram_bot:176] - Retry Count: 0
2024-12-04 00:24:46,253 - __main__ - INFO - [telegram_bot:177] - ━━━━━━━━━━━━━━━━━━━━━━━━━━━━
2024-12-04 00:24:46,568 - httpx - INFO - [_client:1742] - HTTP Request: POST https://api.telegram.org/bot8132599480:AAF6t5to2vOuGx09hTm7Xrjp5Lqe3iViEtc/getMe "HTTP/1.1 200 OK"
2024-12-04 00:24:46,672 - httpx - INFO - [_client:1742] - HTTP Request: POST https://api.telegram.org/bot8132599480:AAF6t5to2vOuGx09hTm7Xrjp5Lqe3iViEtc/deleteWebhook "HTTP/1.1 200 OK"
2024-12-04 00:24:46,673 - telegram.ext.Application - INFO - [_application:631] - Application started
